0 info it worked if it ends with ok
1 verbose cli [ '/usr/local/bin/node', '/usr/local/bin/npm', 'publish' ]
2 info using npm@2.14.12
3 info using node@v4.3.1
4 verbose publish [ '.' ]
5 silly cache add args [ '.', null ]
6 verbose cache add spec .
7 silly cache add parsed spec Result {
7 silly cache add   raw: '.',
7 silly cache add   scope: null,
7 silly cache add   name: null,
7 silly cache add   rawSpec: '.',
7 silly cache add   spec: '/Users/paddy/development/skeleton-checkboxes',
7 silly cache add   type: 'directory' }
8 verbose addLocalDirectory /Users/paddy/.npm/skeleton-checkboxes/1.0.1/package.tgz not in flight; packing
9 verbose tar pack [ '/Users/paddy/.npm/skeleton-checkboxes/1.0.1/package.tgz',
9 verbose tar pack   '/Users/paddy/development/skeleton-checkboxes' ]
10 verbose tarball /Users/paddy/.npm/skeleton-checkboxes/1.0.1/package.tgz
11 verbose folder /Users/paddy/development/skeleton-checkboxes
12 info prepublish skeleton-checkboxes@1.0.1
13 verbose addLocalTarball adding from inside cache /Users/paddy/.npm/skeleton-checkboxes/1.0.1/package.tgz
14 silly cache afterAdd skeleton-checkboxes@1.0.1
15 verbose afterAdd /Users/paddy/.npm/skeleton-checkboxes/1.0.1/package/package.json not in flight; writing
16 verbose afterAdd /Users/paddy/.npm/skeleton-checkboxes/1.0.1/package/package.json written
17 silly publish { name: 'skeleton-checkboxes',
17 silly publish   version: '1.0.1',
17 silly publish   description: 'Checkboxes for Skeleton CSS',
17 silly publish   files: [ 'skeleton-checkboxes.css', 'skeleton-checkboxes-small.css' ],
17 silly publish   repository:
17 silly publish    { type: 'git',
17 silly publish      url: 'git+https://github.com/orbitbot/skeleton-checkboxes.git' },
17 silly publish   keywords:
17 silly publish    [ 'skeleton',
17 silly publish      'skeleton-framework',
17 silly publish      'skeleton-bones',
17 silly publish      'skeleton-checkboxes' ],
17 silly publish   author: { name: 'Patrik Johnson' },
17 silly publish   license: 'ISC',
17 silly publish   bugs: { url: 'https://github.com/orbitbot/skeleton-checkboxes/issues' },
17 silly publish   homepage: 'https://github.com/orbitbot/skeleton-checkboxes#readme',
17 silly publish   readme: '# skeleton-checkboxes\n> Checkboxes for Skeleton CSS\n\nFairly simple checkbox styles for [Skeleton CSS](http://skeleton-framework.github.io/), inspired by Material Design.\n\n[Demo](http://orbitbot.github.io/skeleton-checkboxes/)\n\nAvailable on bower and npm with\n\n```bash\n$ npm install skeleton-checkboxes\n$ bower install skeleton-checkboxes\n```\n\nUsage\n-----\n\nAdd the following html for each checkbox to be styled. The ordering of elements is important because of how the CSS selectors are structured\n\n```html\n<input type="checkbox" id="my-checkbox">\n<label for="my-checkbox"></label>\n```\n\nWhen using the checkbox styles, if you have a non-white background or for other aesthetic reasons, there might be a need to tune the colors. This can easily be achieved like so: \n\n```css\ninput[type="checkbox"]:checked.pink + label {\n  background-color: #ff5891;\n  border: 1px solid #ff5891;\n}\n```\n\nAdd the matching `class` attribute to the `<input>` element, fe. `<input type="checkbox" class="pink" id="pink-checkbox">`.\n\nPossible future efforts\n-----------------------\n\n- evaluate focos effects (zoom?)\n',
17 silly publish   readmeFilename: 'README.md',
17 silly publish   gitHead: '20fb386eecb4e4ac66ac8d1c570f15bc2ff0a568',
17 silly publish   _id: 'skeleton-checkboxes@1.0.1',
17 silly publish   scripts: {},
17 silly publish   _shasum: '3c27a5c075916421ffb5c76448582baad7f6e49e',
17 silly publish   _from: '.' }
18 verbose getPublishConfig undefined
19 silly mapToRegistry name skeleton-checkboxes
20 silly mapToRegistry using default registry
21 silly mapToRegistry registry https://registry.npmjs.org/
22 silly mapToRegistry uri https://registry.npmjs.org/skeleton-checkboxes
23 verbose publish registryBase https://registry.npmjs.org/
24 silly publish uploading /Users/paddy/.npm/skeleton-checkboxes/1.0.1/package.tgz
25 verbose request uri https://registry.npmjs.org/skeleton-checkboxes
26 verbose request sending authorization for write operation
27 info attempt registry request try #1 at 8:28:44 PM
28 verbose request using bearer token for auth
29 verbose request id 1bea6c18c6fd4e57
30 http request PUT https://registry.npmjs.org/skeleton-checkboxes
31 http 403 https://registry.npmjs.org/skeleton-checkboxes
32 verbose headers { 'content-type': 'application/json',
32 verbose headers   'cache-control': 'max-age=300',
32 verbose headers   'content-length': '95',
32 verbose headers   'accept-ranges': 'bytes',
32 verbose headers   date: 'Tue, 15 Mar 2016 18:28:46 GMT',
32 verbose headers   via: '1.1 varnish',
32 verbose headers   connection: 'keep-alive',
32 verbose headers   'x-served-by': 'cache-fra1242-FRA',
32 verbose headers   'x-cache': 'MISS',
32 verbose headers   'x-cache-hits': '0',
32 verbose headers   'x-timer': 'S1458066524.758952,VS0,VE1402' }
33 verbose request invalidating /Users/paddy/.npm/registry.npmjs.org/skeleton-checkboxes on PUT
34 error publish Failed PUT 403
35 verbose stack Error: "You cannot publish over the previously published version 1.0.1." : skeleton-checkboxes
35 verbose stack     at makeError (/usr/local/lib/node_modules/npm/node_modules/npm-registry-client/lib/request.js:264:12)
35 verbose stack     at CachingRegistryClient.<anonymous> (/usr/local/lib/node_modules/npm/node_modules/npm-registry-client/lib/request.js:252:14)
35 verbose stack     at Request._callback (/usr/local/lib/node_modules/npm/node_modules/npm-registry-client/lib/request.js:172:14)
35 verbose stack     at Request.self.callback (/usr/local/lib/node_modules/npm/node_modules/request/request.js:198:22)
35 verbose stack     at emitTwo (events.js:87:13)
35 verbose stack     at Request.emit (events.js:172:7)
35 verbose stack     at Request.<anonymous> (/usr/local/lib/node_modules/npm/node_modules/request/request.js:1082:10)
35 verbose stack     at emitOne (events.js:82:20)
35 verbose stack     at Request.emit (events.js:169:7)
35 verbose stack     at IncomingMessage.<anonymous> (/usr/local/lib/node_modules/npm/node_modules/request/request.js:1009:12)
36 verbose statusCode 403
37 verbose pkgid skeleton-checkboxes
38 verbose cwd /Users/paddy/development/skeleton-checkboxes
39 error Darwin 15.3.0
40 error argv "/usr/local/bin/node" "/usr/local/bin/npm" "publish"
41 error node v4.3.1
42 error npm  v2.14.12
43 error code E403
44 error "You cannot publish over the previously published version 1.0.1." : skeleton-checkboxes
45 error If you need help, you may report this error at:
45 error     <https://github.com/npm/npm/issues>
46 verbose exit [ 1, true ]
